app/mapping.txt
jamesmorrisstudios.com.randremind.BuildConfig -> jamesmorrisstudios.com.randremind.BuildConfig:
    boolean DEBUG -> DEBUG
    java.lang.String APPLICATION_ID -> APPLICATION_ID
    java.lang.String BUILD_TYPE -> BUILD_TYPE
    java.lang.String FLAVOR -> FLAVOR
    int VERSION_CODE -> VERSION_CODE
    java.lang.String VERSION_NAME -> VERSION_NAME
    6:6:void <init>() -> <init>
jamesmorrisstudios.com.randremind.R -> jamesmorrisstudios.com.randremind.R:
    10:4208:void <init>() -> <init>
jamesmorrisstudios.com.randremind.R$anim -> jamesmorrisstudios.com.randremind.R$anim:
    int abc_fade_in -> abc_fade_in
    int abc_fade_out -> abc_fade_out
    int abc_grow_fade_in_from_bottom -> abc_grow_fade_in_from_bottom
    int abc_popup_enter -> abc_popup_enter
    int abc_popup_exit -> abc_popup_exit
    int abc_shrink_fade_out_from_bottom -> abc_shrink_fade_out_from_bottom
    int abc_slide_in_bottom -> abc_slide_in_bottom
    int abc_slide_in_top -> abc_slide_in_top
    int abc_slide_out_bottom -> abc_slide_out_bottom
    int abc_slide_out_top -> abc_slide_out_top
    int design_fab_in -> design_fab_in
    int design_fab_out -> design_fab_out
    int design_snackbar_in -> design_snackbar_in
    int design_snackbar_out -> design_snackbar_out
    11:11:void <init>() -> <init>
jamesmorrisstudios.com.randremind.R$array -> jamesmorrisstudios.com.randremind.R$array:
    int BLANK_STRING_ARRAY -> BLANK_STRING_ARRAY
    int bandit_release_notes -> bandit_release_notes
    int current_release_notes -> current_release_notes
    int help_license -> help_license
    int help_license_code_item_0 -> help_license_code_item_0
    int help_license_code_item_1 -> help_license_code_item_1
    int help_license_library -> help_license_library
    int help_license_library_code_item_0 -> help_license_library_code_item_0
    int help_license_library_code_item_1 -> help_license_library_code_item_1
    int help_license_library_code_item_2 -> help_license_library_code_item_2
    int help_license_library_code_item_3 -> help_license_library_code_item_3
    int help_license_library_code_item_4 -> help_license_library_code_item_4
    int help_license_library_code_item_5 -> help_license_library_code_item_5
    int help_license_library_code_item_6 -> help_license_library_code_item_6
    int help_license_library_code_item_7 -> help_license_library_code_item_7
    int help_license_library_code_item_8 -> help_license_library_code_item_8
    int help_license_library_code_item_9 -> help_license_library_code_item_9
    int matchblock_release_notes -> matchblock_release_notes
    int music -> music
    int oneup_release_notes -> oneup_release_notes
    int randremind_release_notes -> randremind_release_notes
    int settings_array -> settings_array
...
com.jamesmorrisstudios.appbaselibrary.colorpicker.builder.PaintBuilder$PaintHolder -> com.jamesmorrisstudios.appbaselibrary.colorpicker.builder.PaintBuilder$PaintHolder:
    android.graphics.Paint paint -> a
    39:41:void <init>() -> <init>
    44:45:com.jamesmorrisstudios.appbaselibrary.colorpicker.builder.PaintBuilder$PaintHolder color(int) -> color
    49:50:com.jamesmorrisstudios.appbaselibrary.colorpicker.builder.PaintBuilder$PaintHolder antiAlias(boolean) -> antiAlias
    54:55:com.jamesmorrisstudios.appbaselibrary.colorpicker.builder.PaintBuilder$PaintHolder style(android.graphics.Paint$Style) -> style
    59:60:com.jamesmorrisstudios.appbaselibrary.colorpicker.builder.PaintBuilder$PaintHolder mode(android.graphics.PorterDuff$Mode) -> mode
    64:65:com.jamesmorrisstudios.appbaselibrary.colorpicker.builder.PaintBuilder$PaintHolder stroke(float) -> stroke
    69:70:com.jamesmorrisstudios.appbaselibrary.colorpicker.builder.PaintBuilder$PaintHolder xPerMode(android.graphics.PorterDuff$Mode) -> xPerMode
    74:75:com.jamesmorrisstudios.appbaselibrary.colorpicker.builder.PaintBuilder$PaintHolder shader(android.graphics.Shader) -> shader
    79:79:android.graphics.Paint build() -> build
    36:36:void <init>(com.jamesmorrisstudios.appbaselibrary.colorpicker.builder.PaintBuilder$1) -> <init>
com.jamesmorrisstudios.appbaselibrary.colorpicker.renderer.AbsColorWheelRenderer -> com.jamesmorrisstudios.appbaselibrary.colorpicker.renderer.AbsColorWheelRenderer:
    com.jamesmorrisstudios.appbaselibrary.colorpicker.renderer.ColorWheelRenderOption colorWheelRenderOption -> colorWheelRenderOption
    java.util.List colorCircleList -> colorCircleList
    8:8:void <init>() -> <init>
    13:15:void initWith(com.jamesmorrisstudios.appbaselibrary.colorpicker.renderer.ColorWheelRenderOption) -> initWith
    19:20:com.jamesmorrisstudios.appbaselibrary.colorpicker.renderer.ColorWheelRenderOption getRenderOption() -> getRenderOption
    24:24:java.util.List getColorCircleList() -> getColorCircleList
    28:28:int getAlphaValueAsInt() -> getAlphaValueAsInt
    32:32:int calcTotalCount(float,float) -> calcTotalCount
com.jamesmorrisstudios.appbaselibrary.colorpicker.renderer.ColorWheelRenderOption -> com.jamesmorrisstudios.appbaselibrary.colorpicker.renderer.ColorWheelRenderOption:
    int density -> density
    float maxRadius -> maxRadius
    float cSize -> cSize
    float strokeWidth -> strokeWidth
    float alpha -> alpha
    float lightness -> lightness
    android.graphics.Canvas targetCanvas -> targetCanvas
    5:5:void <init>() -> <init>
com.jamesmorrisstudios.appbaselibrary.colorpicker.renderer.ColorWheelRenderer -> com.jamesmorrisstudios.appbaselibrary.colorpicker.renderer.ColorWheelRenderer:
    float GAP_PERCENTAGE -> GAP_PERCENTAGE
    void draw() -> draw
    com.jamesmorrisstudios.appbaselibrary.colorpicker.renderer.ColorWheelRenderOption getRenderOption() -> getRenderOption
    void initWith(com.jamesmorrisstudios.appbaselibrary.colorpicker.renderer.ColorWheelRenderOption) -> initWith
    java.util.List getColorCircleList() -> getColorCircleList
com.jamesmorrisstudios.appbaselibrary.colorpicker.renderer.FlowerColorWheelRenderer -> com.jamesmorrisstudios.appbaselibrary.colorpicker.renderer.FlowerColorWheelRenderer:
    android.graphics.Paint selectorFill -> a
    float[] hsv -> b
    float sizeJitter -> c
    9:12:void <init>() -> <init>
    16:49:void draw() -> draw
com.jamesmorrisstudios.appbaselibrary.colorpicker.renderer.SimpleColorWheelRenderer -> com.jamesmorrisstudios.appbaselibrary.colorpicker.renderer.SimpleColorWheelRenderer:
    android.graphics.Paint selectorFill -> a
    float[] hsv -> b
    9:11:void <init>() -> <init>
    15:45:void draw() -> draw